WHYLIB is not set, using /usr/local/lib/why as default
Parsing
Normalization
Typing logic labels
Typing code
Typing axiomatic Padding
Typing logic type declaration padding
Typing axiomatic matrices
Typing logic type declaration matrix
Typing logic type declaration vector
Typing axiomatic Padding
Typing tag floatP
Typing tag unsigned_charP
Typing tag charP
Typing tag voidP
Typing axiomatic matrices
Typing lemma/axiom mat_of_array_select
Typing lemma/axiom mat_of_array_size
Typing lemma/axiom vect_of_array_select
Typing lemma/axiom vect_of_array_length
Typing lemma/axiom mat_of_2x2_scalar_select
Typing lemma/axiom mat_of_2x2_scalar_row
Typing lemma/axiom mat_of_2x2_scalar_col
Typing lemma/axiom mat_of_1x2_scalar_select
Typing lemma/axiom mat_of_1x2_scalar_row
Typing lemma/axiom mat_of_1x2_scalar_col
Typing lemma/axiom mat_of_2x1_scalar_select
Typing lemma/axiom mat_of_2x1_scalar_row
Typing lemma/axiom mat_of_2x1_scalar_col
Typing lemma/axiom vect_of_1_scalar_select
Typing lemma/axiom vect_of_1_scalar_length
Typing lemma/axiom mat_of_1x1_scalar_select
Typing lemma/axiom mat_of_1x1_scalar_row
Typing lemma/axiom mat_of_1x1_scalar_col
Typing lemma/axiom mat_of_4x3_scalar_select
Typing lemma/axiom mat_of_4x3_scalar_row
Typing lemma/axiom mat_of_4x3_scalar_col
Typing lemma/axiom mat_of_4x4_scalar_select
Typing lemma/axiom mat_of_4x4_scalar_row
Typing lemma/axiom mat_of_4x4_scalar_col
occurrences table for axiom mat_of_4x4_scalar_col in axiomatic matrices:
  85: 
  102: 
  86: 
  103: 
  87: 
  104:  ;
  88: 
  89: 
  90: 
  91: 
  92: 
  93: 
  94: 
  95:  ;
  79: 
  96: 
  80: 
  97: 
  81: 
  98: 
  82: 
  99: 
  83: 
  100: 
  84: 
  101: 
  
occurrences table for axiom mat_of_4x4_scalar_row in axiomatic matrices:
  85: 
  102: 
  86: 
  103: 
  87: 
  104:  ;
  88: 
  89: 
  90: 
  91: 
  92: 
  93: 
  94:  ;
  95: 
  79: 
  96: 
  80: 
  97: 
  81: 
  98: 
  82: 
  99: 
  83: 
  100: 
  84: 
  101: 
  
occurrences table for axiom mat_of_4x4_scalar_select in axiomatic matrices:
  85: 
  102: 
  86: 
  103: 
  87: 
  104:  ;
  88: 
  89: 
  90: 
  91:  ; ; ; ; ; ; ; ; ; ; ; ; ; ; ; ;
  92: 
  93: 
  94: 
  95: 
  79: 
  96: 
  80: 
  97: 
  81: 
  98: 
  82: 
  99: 
  83: 
  100: 
  84: 
  101: 
  
occurrences table for axiom mat_of_4x3_scalar_col in axiomatic matrices:
  85: 
  102: 
  86: 
  103:  ;
  87: 
  104: 
  88: 
  89: 
  90: 
  91: 
  92: 
  93: 
  94: 
  95:  ;
  79: 
  96: 
  80: 
  97: 
  81: 
  98: 
  82: 
  99: 
  83: 
  100: 
  84: 
  101: 
  
occurrences table for axiom mat_of_4x3_scalar_row in axiomatic matrices:
  85: 
  102: 
  86: 
  103:  ;
  87: 
  104: 
  88: 
  89: 
  90: 
  91: 
  92: 
  93: 
  94:  ;
  95: 
  79: 
  96: 
  80: 
  97: 
  81: 
  98: 
  82: 
  99: 
  83: 
  100: 
  84: 
  101: 
  
occurrences table for axiom mat_of_4x3_scalar_select in axiomatic matrices:
  85: 
  102: 
  86: 
  103:  ;
  87: 
  104: 
  88: 
  89: 
  90: 
  91:  ; ; ; ; ; ; ; ; ; ; ; ;
  92: 
  93: 
  94: 
  95: 
  79: 
  96: 
  80: 
  97: 
  81: 
  98: 
  82: 
  99: 
  83: 
  100: 
  84: 
  101: 
  
occurrences table for axiom mat_of_1x1_scalar_col in axiomatic matrices:
  85: 
  102: 
  86: 
  103: 
  87: 
  104: 
  88: 
  89: 
  90: 
  91: 
  92: 
  93: 
  94: 
  95:  ;
  79: 
  96: 
  80: 
  97: 
  81: 
  98: 
  82: 
  99: 
  83: 
  100: 
  84: 
  101:  ;
  
occurrences table for axiom mat_of_1x1_scalar_row in axiomatic matrices:
  85: 
  102: 
  86: 
  103: 
  87: 
  104: 
  88: 
  89: 
  90: 
  91: 
  92: 
  93: 
  94:  ;
  95: 
  79: 
  96: 
  80: 
  97: 
  81: 
  98: 
  82: 
  99: 
  83: 
  100: 
  84: 
  101:  ;
  
occurrences table for axiom mat_of_1x1_scalar_select in axiomatic matrices:
  85: 
  102: 
  86: 
  103: 
  87: 
  104: 
  88: 
  89: 
  90: 
  91:  ;
  92: 
  93: 
  94: 
  95: 
  79: 
  96: 
  80: 
  97: 
  81: 
  98: 
  82: 
  99: 
  83: 
  100: 
  84: 
  101:  ;
  
occurrences table for axiom vect_of_1_scalar_length in axiomatic matrices:
  85: 
  102:  ;
  86: 
  103: 
  87: 
  104: 
  88: 
  89: 
  90: 
  91: 
  92: 
  93:  ;
  94: 
  95: 
  79: 
  96: 
  80: 
  97: 
  81: 
  98: 
  82: 
  99: 
  83: 
  100: 
  84: 
  101: 
  
occurrences table for axiom vect_of_1_scalar_select in axiomatic matrices:
  85: 
  102:  ;
  86: 
  103: 
  87: 
  104: 
  88: 
  89: 
  90: 
  91: 
  92:  ;
  93: 
  94: 
  95: 
  79: 
  96: 
  80: 
  97: 
  81: 
  98: 
  82: 
  99: 
  83: 
  100: 
  84: 
  101: 
  
occurrences table for axiom mat_of_2x1_scalar_col in axiomatic matrices:
  85: 
  102: 
  86: 
  103: 
  87: 
  104: 
  88: 
  89: 
  90: 
  91: 
  92: 
  93: 
  94: 
  95:  ;
  79: 
  96: 
  80: 
  97: 
  81: 
  98: 
  82: 
  99: 
  83: 
  100:  ;
  84: 
  101: 
  
occurrences table for axiom mat_of_2x1_scalar_row in axiomatic matrices:
  85: 
  102: 
  86: 
  103: 
  87: 
  104: 
  88: 
  89: 
  90: 
  91: 
  92: 
  93: 
  94:  ;
  95: 
  79: 
  96: 
  80: 
  97: 
  81: 
  98: 
  82: 
  99: 
  83: 
  100:  ;
  84: 
  101: 
  
occurrences table for axiom mat_of_2x1_scalar_select in axiomatic matrices:
  85: 
  102: 
  86: 
  103: 
  87: 
  104: 
  88: 
  89: 
  90: 
  91:  ; ;
  92: 
  93: 
  94: 
  95: 
  79: 
  96: 
  80: 
  97: 
  81: 
  98: 
  82: 
  99: 
  83: 
  100:  ;
  84: 
  101: 
  
occurrences table for axiom mat_of_1x2_scalar_col in axiomatic matrices:
  85: 
  102: 
  86: 
  103: 
  87: 
  104: 
  88: 
  89: 
  90: 
  91: 
  92: 
  93: 
  94: 
  95:  ;
  79: 
  96: 
  80: 
  97: 
  81: 
  98: 
  82: 
  99:  ;
  83: 
  100: 
  84: 
  101: 
  
occurrences table for axiom mat_of_1x2_scalar_row in axiomatic matrices:
  85: 
  102: 
  86: 
  103: 
  87: 
  104: 
  88: 
  89: 
  90: 
  91: 
  92: 
  93: 
  94:  ;
  95: 
  79: 
  96: 
  80: 
  97: 
  81: 
  98: 
  82: 
  99:  ;
  83: 
  100: 
  84: 
  101: 
  
occurrences table for axiom mat_of_1x2_scalar_select in axiomatic matrices:
  85: 
  102: 
  86: 
  103: 
  87: 
  104: 
  88: 
  89: 
  90: 
  91:  ; ;
  92: 
  93: 
  94: 
  95: 
  79: 
  96: 
  80: 
  97: 
  81: 
  98: 
  82: 
  99:  ;
  83: 
  100: 
  84: 
  101: 
  
occurrences table for axiom mat_of_2x2_scalar_col in axiomatic matrices:
  85: 
  102: 
  86: 
  103: 
  87: 
  104: 
  88: 
  89: 
  90: 
  91: 
  92: 
  93: 
  94: 
  95:  ;
  79: 
  96: 
  80: 
  97: 
  81: 
  98:  ;
  82: 
  99: 
  83: 
  100: 
  84: 
  101: 
  
occurrences table for axiom mat_of_2x2_scalar_row in axiomatic matrices:
  85: 
  102: 
  86: 
  103: 
  87: 
  104: 
  88: 
  89: 
  90: 
  91: 
  92: 
  93: 
  94:  ;
  95: 
  79: 
  96: 
  80: 
  97: 
  81: 
  98:  ;
  82: 
  99: 
  83: 
  100: 
  84: 
  101: 
  
occurrences table for axiom mat_of_2x2_scalar_select in axiomatic matrices:
  85: 
  102: 
  86: 
  103: 
  87: 
  104: 
  88: 
  89: 
  90: 
  91:  ; ; ; ;
  92: 
  93: 
  94: 
  95: 
  79: 
  96: 
  80: 
  97: 
  81: 
  98:  ;
  82: 
  99: 
  83: 
  100: 
  84: 
  101: 
  
occurrences table for axiom vect_of_array_length in axiomatic matrices:
  85: 
  102: 
  86: 
  103: 
  87: 
  104: 
  88: 
  89: 
  90: 
  91: 
  92: 
  93:  ;
  94: 
  95: 
  79: 
  96: 
  80: 
  97: L ;
  81: 
  98: 
  82: 
  99: 
  83: 
  100: 
  84: 
  101: 
  
occurrences table for axiom vect_of_array_select in axiomatic matrices:
  85: 
  102: 
  86: 
  103: 
  87: 
  104: 
  88: 
  89: 
  90: 
  91: 
  92:  ;
  93: 
  94: 
  95: 
  79: 
  96: 
  80: 
  97: L ;
  81: 
  98: 
  82: 
  99: 
  83: 
  100: 
  84: 
  101: 
  
occurrences table for axiom mat_of_array_size in axiomatic matrices:
  85: 
  102: 
  86: 
  103: 
  87: 
  104: 
  88: 
  89: 
  90: 
  91: 
  92: 
  93: 
  94:  ;
  95:  ;
  79: 
  96: L ;L ;
  80: 
  97: 
  81: 
  98: 
  82: 
  99: 
  83: 
  100: 
  84: 
  101: 
  
occurrences table for axiom mat_of_array_select in axiomatic matrices:
  85: 
  102: 
  86: 
  103: 
  87: 
  104: 
  88: 
  89: 
  90: 
  91:  ;
  92: 
  93: 
  94: 
  95: 
  79: 
  96: L ;
  80: 
  97: 
  81: 
  98: 
  82: 
  99: 
  83: 
  100: 
  84: 
  101: 
  
Computation of call graph
***********************************
Logic call graph: has 26 components
***********************************
Component 0:
 in_ellipsoid calls: 

Component 1:
 is_invertible calls: 

Component 2:
 zeros calls: 

Component 3:
 mat_scalar_mult calls: 

Component 4:
 mat_mult calls: 

Component 5:
 vect_mult calls: 

Component 6:
 mat_inv calls: 

Component 7:
 eye calls: 

Component 8:
 transpose calls: 

Component 9:
 Vconcat calls: 

Component 10:
 vert_concat calls: 

Component 11:
 horiz_concat calls: 

Component 12:
 mat_select calls: 

Component 13:
 vect_select calls: 

Component 14:
 vect_length calls: 

Component 15:
 mat_row calls: 

Component 16:
 mat_col calls: 

Component 17:
 mat_of_array calls: 

Component 18:
 vect_of_array calls: 

Component 19:
 mat_of_2x2_scalar calls: 

Component 20:
 mat_of_1x2_scalar calls: 

Component 21:
 mat_of_2x1_scalar calls: 

Component 22:
 mat_of_1x1_scalar calls: 

Component 23:
 vect_of_1_scalar calls: 

Component 24:
 mat_of_4x3_scalar calls: 

Component 25:
 mat_of_4x4_scalar calls: 

******************************
Call graph: has 0 components
******************************
Adding invariants
Computation of regions
param:dummy_region, dummy_region, dummy_region, dummy_region, dummy_region,
dummy_region, dummy_region, dummy_region, dummy_region, dummy_region,
dummy_region, dummy_region, dummy_region, dummy_region, dummy_region,
dummy_region
arg:dummy_region, dummy_region, dummy_region, dummy_region, dummy_region,
dummy_region, dummy_region, dummy_region, dummy_region, dummy_region,
dummy_region, dummy_region, dummy_region, dummy_region, dummy_region,
dummy_region
param:dummy_region
arg:dummy_region
param:dummy_region
arg:dummy_region
param:dummy_region
arg:dummy_region
param:dummy_region, dummy_region, dummy_region, dummy_region, dummy_region,
dummy_region, dummy_region, dummy_region, dummy_region, dummy_region,
dummy_region, dummy_region, dummy_region, dummy_region, dummy_region,
dummy_region
arg:dummy_region, dummy_region, dummy_region, dummy_region, dummy_region,
dummy_region, dummy_region, dummy_region, dummy_region, dummy_region,
dummy_region, dummy_region, dummy_region, dummy_region, dummy_region,
dummy_region
param:dummy_region
arg:dummy_region
param:dummy_region
arg:dummy_region
param:dummy_region
arg:dummy_region
param:dummy_region, dummy_region, dummy_region, dummy_region, dummy_region,
dummy_region, dummy_region, dummy_region, dummy_region, dummy_region,
dummy_region, dummy_region, dummy_region, dummy_region, dummy_region,
dummy_region
arg:dummy_region, dummy_region, dummy_region, dummy_region, dummy_region,
dummy_region, dummy_region, dummy_region, dummy_region, dummy_region,
dummy_region, dummy_region, dummy_region, dummy_region, dummy_region,
dummy_region
param:dummy_region
arg:dummy_region
param:dummy_region, dummy_region,
dummy_region
arg:dummy_region, dummy_region,
dummy_region
param:dummy_region
arg:dummy_region
param:dummy_region, dummy_region,
dummy_region
arg:dummy_region, dummy_region,
dummy_region
param:dummy_region
arg:dummy_region
param:dummy_region, dummy_region,
dummy_region
arg:dummy_region, dummy_region,
dummy_region
param:dummy_region
arg:dummy_region
param:dummy_region, dummy_region,
dummy_region
arg:dummy_region, dummy_region,
dummy_region
param:dummy_region
arg:dummy_region
param:dummy_region, dummy_region,
dummy_region
arg:dummy_region, dummy_region,
dummy_region
param:dummy_region
arg:dummy_region
param:dummy_region, dummy_region,
dummy_region
arg:dummy_region, dummy_region,
dummy_region
param:dummy_region
arg:dummy_region
param:dummy_region, dummy_region,
dummy_region
arg:dummy_region, dummy_region,
dummy_region
param:dummy_region
arg:dummy_region
param:dummy_region, dummy_region,
dummy_region
arg:dummy_region, dummy_region,
dummy_region
param:dummy_region
arg:dummy_region
param:dummy_region, dummy_region,
dummy_region
arg:dummy_region, dummy_region,
dummy_region
param:dummy_region
arg:dummy_region
param:dummy_region, dummy_region,
dummy_region
arg:dummy_region, dummy_region,
dummy_region
param:dummy_region
arg:dummy_region
param:dummy_region, dummy_region,
dummy_region
arg:dummy_region, dummy_region,
dummy_region
param:dummy_region
arg:dummy_region
param:dummy_region, dummy_region,
dummy_region
arg:dummy_region, dummy_region,
dummy_region
param:dummy_region
arg:dummy_region
param:dummy_region, dummy_region,
dummy_region
arg:dummy_region, dummy_region,
dummy_region
param:dummy_region
arg:dummy_region
param:dummy_region, dummy_region,
dummy_region
arg:dummy_region, dummy_region,
dummy_region
param:dummy_region
arg:dummy_region
param:dummy_region, dummy_region,
dummy_region
arg:dummy_region, dummy_region,
dummy_region
param:dummy_region
arg:dummy_region
param:dummy_region, dummy_region,
dummy_region
arg:dummy_region, dummy_region,
dummy_region
param:dummy_region
arg:dummy_region
param:dummy_region, dummy_region, dummy_region, dummy_region, dummy_region,
dummy_region, dummy_region, dummy_region, dummy_region, dummy_region,
dummy_region,
dummy_region
arg:dummy_region, dummy_region, dummy_region, dummy_region, dummy_region,
dummy_region, dummy_region, dummy_region, dummy_region, dummy_region,
dummy_region,
dummy_region
param:dummy_region
arg:dummy_region
param:dummy_region
arg:dummy_region
param:dummy_region
arg:dummy_region
param:dummy_region, dummy_region, dummy_region, dummy_region, dummy_region,
dummy_region, dummy_region, dummy_region, dummy_region, dummy_region,
dummy_region,
dummy_region
arg:dummy_region, dummy_region, dummy_region, dummy_region, dummy_region,
dummy_region, dummy_region, dummy_region, dummy_region, dummy_region,
dummy_region,
dummy_region
param:dummy_region
arg:dummy_region
param:dummy_region
arg:dummy_region
param:dummy_region
arg:dummy_region
param:dummy_region, dummy_region, dummy_region, dummy_region, dummy_region,
dummy_region, dummy_region, dummy_region, dummy_region, dummy_region,
dummy_region,
dummy_region
arg:dummy_region, dummy_region, dummy_region, dummy_region, dummy_region,
dummy_region, dummy_region, dummy_region, dummy_region, dummy_region,
dummy_region,
dummy_region
param:dummy_region
arg:dummy_region
param:dummy_region, dummy_region,
dummy_region
arg:dummy_region, dummy_region,
dummy_region
param:dummy_region
arg:dummy_region
param:dummy_region, dummy_region,
dummy_region
arg:dummy_region, dummy_region,
dummy_region
param:dummy_region
arg:dummy_region
param:dummy_region, dummy_region,
dummy_region
arg:dummy_region, dummy_region,
dummy_region
param:dummy_region
arg:dummy_region
param:dummy_region, dummy_region,
dummy_region
arg:dummy_region, dummy_region,
dummy_region
param:dummy_region
arg:dummy_region
param:dummy_region, dummy_region,
dummy_region
arg:dummy_region, dummy_region,
dummy_region
param:dummy_region
arg:dummy_region
param:dummy_region, dummy_region,
dummy_region
arg:dummy_region, dummy_region,
dummy_region
param:dummy_region
arg:dummy_region
param:dummy_region, dummy_region,
dummy_region
arg:dummy_region, dummy_region,
dummy_region
param:dummy_region
arg:dummy_region
param:dummy_region, dummy_region,
dummy_region
arg:dummy_region, dummy_region,
dummy_region
param:dummy_region
arg:dummy_region
param:dummy_region, dummy_region,
dummy_region
arg:dummy_region, dummy_region,
dummy_region
param:dummy_region
arg:dummy_region
param:dummy_region, dummy_region,
dummy_region
arg:dummy_region, dummy_region,
dummy_region
param:dummy_region
arg:dummy_region
param:dummy_region, dummy_region,
dummy_region
arg:dummy_region, dummy_region,
dummy_region
param:dummy_region
arg:dummy_region
param:dummy_region, dummy_region,
dummy_region
arg:dummy_region, dummy_region,
dummy_region
param:dummy_region
arg:dummy_region
param:dummy_region
arg:dummy_region
param:dummy_region
arg:dummy_region
param:dummy_region
arg:dummy_region
param:dummy_region
arg:dummy_region
param:dummy_region
arg:dummy_region
param:dummy_region
arg:dummy_region
param:dummy_region
arg:dummy_region
param:dummy_region
arg:dummy_region
param:dummy_region
arg:dummy_region
param:dummy_region
arg:dummy_region
param:dummy_region, dummy_region,
dummy_region
arg:dummy_region, dummy_region,
dummy_region
param:dummy_region
arg:dummy_region
param:dummy_region
arg:dummy_region
param:dummy_region
arg:dummy_region
param:dummy_region
arg:dummy_region
param:dummy_region
arg:dummy_region
param:dummy_region
arg:dummy_region
param:dummy_region
arg:dummy_region
param:dummy_region,
dummy_region
arg:dummy_region,
dummy_region
param:dummy_region
arg:dummy_region
param:dummy_region,
dummy_region
arg:dummy_region,
dummy_region
param:dummy_region
arg:dummy_region
param:dummy_region
arg:dummy_region
param:dummy_region
arg:dummy_region
param:dummy_region,
dummy_region
arg:dummy_region,
dummy_region
param:dummy_region
arg:dummy_region
param:dummy_region
arg:dummy_region
param:dummy_region
arg:dummy_region
param:dummy_region,
dummy_region
arg:dummy_region,
dummy_region
param:dummy_region
arg:dummy_region
param:dummy_region, dummy_region,
dummy_region
arg:dummy_region, dummy_region,
dummy_region
param:dummy_region
arg:dummy_region
param:dummy_region, dummy_region,
dummy_region
arg:dummy_region, dummy_region,
dummy_region
param:dummy_region
arg:dummy_region
param:dummy_region,
dummy_region
arg:dummy_region,
dummy_region
param:dummy_region
arg:dummy_region
param:dummy_region
arg:dummy_region
param:dummy_region
arg:dummy_region
param:dummy_region,
dummy_region
arg:dummy_region,
dummy_region
param:dummy_region
arg:dummy_region
param:dummy_region
arg:dummy_region
param:dummy_region
arg:dummy_region
param:dummy_region,
dummy_region
arg:dummy_region,
dummy_region
param:dummy_region
arg:dummy_region
param:dummy_region, dummy_region,
dummy_region
arg:dummy_region, dummy_region,
dummy_region
param:dummy_region
arg:dummy_region
param:dummy_region, dummy_region,
dummy_region
arg:dummy_region, dummy_region,
dummy_region
param:dummy_region
arg:dummy_region
param:dummy_region, dummy_region, dummy_region,
dummy_region
arg:dummy_region, dummy_region, dummy_region,
dummy_region
param:dummy_region
arg:dummy_region
param:dummy_region
arg:dummy_region
param:dummy_region
arg:dummy_region
param:dummy_region, dummy_region, dummy_region,
dummy_region
arg:dummy_region, dummy_region, dummy_region,
dummy_region
param:dummy_region
arg:dummy_region
param:dummy_region
arg:dummy_region
param:dummy_region
arg:dummy_region
param:dummy_region, dummy_region, dummy_region,
dummy_region
arg:dummy_region, dummy_region, dummy_region,
dummy_region
param:dummy_region
arg:dummy_region
param:dummy_region, dummy_region,
dummy_region
arg:dummy_region, dummy_region,
dummy_region
param:dummy_region
arg:dummy_region
param:dummy_region, dummy_region,
dummy_region
arg:dummy_region, dummy_region,
dummy_region
param:dummy_region
arg:dummy_region
param:dummy_region, dummy_region,
dummy_region
arg:dummy_region, dummy_region,
dummy_region
param:dummy_region
arg:dummy_region
param:dummy_region, dummy_region,
dummy_region
arg:dummy_region, dummy_region,
dummy_region
param:dummy_region
arg:dummy_region
param:dummy_region
arg:dummy_region
param:dummy_region
arg:dummy_region
